# Logfile created on 2019-02-06 12:55:49 +0300 by logger.rb/61378
I, [2019-02-06T13:51:50.749675 #26278]  INFO -- : {:Request=>"GET /tests3/", :Handler=>"TestsController#index", :Parameters=>{}, :Response=>"201 [text/html] tests/index.html.erb"}
I, [2019-02-06T13:52:43.121189 #26983]  INFO -- : {:Request=>"GET /tests3/", :Handler=>"TestsController#index", :Parameters=>{}, :Response=>"201 [text/html] tests/index.html.erb"}
I, [2019-02-06T13:52:44.369930 #26983]  INFO -- : {:Request=>"GET /tests3/", :Handler=>"TestsController#index", :Parameters=>{}, :Response=>"201 [text/html] tests/index.html.erb"}
I, [2019-02-06T13:52:49.955691 #26983]  INFO -- : {:Request=>"GET /tests/3/", :Handler=>"TestsController#show", :Parameters=>{}, :Response=>"200 [text/html] tests/show.html.erb"}
I, [2019-02-06T13:52:56.954585 #26983]  INFO -- : {:Request=>"GET /tests/2/", :Handler=>"TestsController#show", :Parameters=>{}, :Response=>"200 [text/html] tests/show.html.erb"}
I, [2019-02-06T13:53:57.236464 #28137]  INFO -- : {:Request=>"GET /tests/2/", :Handler=>"TestsController#show", :Parameters=>{}, :Response=>"200 [text/html] tests/show.html.erb"}
I, [2019-02-06T13:54:15.536536 #28137]  INFO -- : {:Request=>"GET /tests/2/", :Handler=>"TestsController#show", :Parameters=>{"params"=>"qwerty"}, :Response=>"200 [text/html] tests/show.html.erb"}
I, [2019-02-06T21:01:49.227318 #5581]  INFO -- : {:Request=>"GET /tests", :Handler=>"TestsController#index", :Parameters=>nil, :Response=>"201 [text/html] tests/index.html.erb"}
I, [2019-02-06T21:01:50.442815 #5581]  INFO -- : {:Request=>"GET /favicon.ico", :Handler=>"NilClass#", :Parameters=>nil, :Response=>"404 [text/plain] "}
I, [2019-02-06T21:02:04.805054 #5581]  INFO -- : {:Request=>"GET /tests/2", :Handler=>"TestsController#show", :Parameters=>"2", :Response=>"200 [text/html] tests/show.html.erb"}
I, [2019-02-06T22:36:34.339046 #12333]  INFO -- : {:Request=>"GET /tests/", :Handler=>"TestsController#index", :Parameters=>{}, :Response=>"201 [text/html] tests/index.html.erb"}
I, [2019-02-06T22:37:01.647696 #13869]  INFO -- : {:Request=>"GET /tests/", :Handler=>"TestsController#index", :Parameters=>{}, :Response=>"201 [text/html] tests/index.html.erb"}
I, [2019-02-06T22:42:08.581710 #23498]  INFO -- : {:Request=>"GET /tests/2", :Handler=>"TestsController#show", :Parameters=>{"asd"=>"fdgdfg", :id=>2}, :Response=>"200 [text/html] tests/show.html.erb"}
I, [2019-02-06T22:42:13.111175 #23498]  INFO -- : {:Request=>"GET /tests/1", :Handler=>"TestsController#show", :Parameters=>{:id=>1}, :Response=>"200 [text/html] tests/show.html.erb"}
I, [2019-02-06T22:42:15.070337 #23498]  INFO -- : {:Request=>"GET /tests/", :Handler=>"TestsController#index", :Parameters=>{}, :Response=>"201 [text/html] tests/index.html.erb"}
I, [2019-02-06T22:47:08.684593 #26109]  INFO -- : {:Request=>"GET /tests/", :Handler=>"TestsController#index", :Parameters=>{}, :Response=>"201 [text/html] tests/index.html.erb"}
I, [2019-02-06T22:47:10.462252 #26109]  INFO -- : {:Request=>"GET /tests/2", :Handler=>"TestsController#show", :Parameters=>{:id=>2}, :Response=>"200 [text/html] tests/show.html.erb"}
I, [2019-02-06T23:08:33.123309 #28698]  INFO -- : {:Request=>"GET /tests/2", :Handler=>"TestsController#show", :Parameters=>{:id=>"2"}, :Response=>"200 [text/html] tests/show.html.erb"}
I, [2019-02-06T23:08:35.759279 #28698]  INFO -- : {:Request=>"GET /tests/", :Handler=>"TestsController#index", :Parameters=>{}, :Response=>"201 [text/html] tests/index.html.erb"}
I, [2019-02-06T23:08:39.947290 #28698]  INFO -- : {:Request=>"GET /tests/3", :Handler=>"TestsController#show", :Parameters=>{:id=>"3"}, :Response=>"200 [text/html] tests/show.html.erb"}
I, [2019-02-06T23:08:42.643133 #28698]  INFO -- : {:Request=>"GET /tests/1", :Handler=>"TestsController#show", :Parameters=>{:id=>"1"}, :Response=>"200 [text/html] tests/show.html.erb"}
I, [2019-02-06T23:19:47.216368 #5380]  INFO -- : {:Request=>"GET /tests/1", :Handler=>"TestsController#show", :Parameters=>{:id=>"1"}, :Response=>"200 [text/html] tests/show.html.erb"}
I, [2019-02-06T23:20:58.973716 #5380]  INFO -- : {:Request=>"GET /tests/2", :Handler=>"TestsController#show", :Parameters=>{:id=>"2"}, :Response=>"200 [text/html] tests/show.html.erb"}
I, [2019-02-06T23:21:01.794475 #5380]  INFO -- : {:Request=>"GET /tests", :Handler=>"TestsController#index", :Parameters=>{}, :Response=>"201 [text/html] tests/index.html.erb"}
I, [2019-02-06T23:24:10.103414 #9412]  INFO -- : {:Request=>"GET /tests", :Handler=>"TestsController#index", :Parameters=>{}, :Response=>"201 [text/html] tests/index.html.erb"}
I, [2019-02-06T23:24:12.526805 #9412]  INFO -- : {:Request=>"GET /tests/2", :Handler=>"TestsController#show", :Parameters=>{:id=>"2"}, :Response=>"200 [text/html] tests/show.html.erb"}
I, [2019-02-06T23:24:16.133284 #9412]  INFO -- : {:Request=>"GET /tests/1", :Handler=>"TestsController#show", :Parameters=>{:id=>"1"}, :Response=>"200 [text/html] tests/show.html.erb"}
I, [2019-02-06T23:33:03.510448 #17689]  INFO -- : {:Request=>"GET /tests/1", :Handler=>"TestsController#show", :Parameters=>{:id=>"1"}, :Response=>"200 [text/html] tests/show.html.erb"}
I, [2019-02-06T23:33:21.950908 #19460]  INFO -- : {:Request=>"GET /tests/1", :Handler=>"TestsController#show", :Parameters=>{:id=>"1"}, :Response=>"200 [text/html] tests/show.html.erb"}
I, [2019-02-06T23:33:30.604437 #20466]  INFO -- : {:Request=>"GET /tests/1", :Handler=>"TestsController#show", :Parameters=>{:id=>"1"}, :Response=>"200 [text/html] tests/show.html.erb"}
I, [2019-02-06T23:34:00.380182 #22479]  INFO -- : {:Request=>"GET /tests/1", :Handler=>"TestsController#show", :Parameters=>{:id=>"1"}, :Response=>"200 [text/html] tests/show.html.erb"}
I, [2019-02-06T23:34:19.322975 #24241]  INFO -- : {:Request=>"GET /tests/1", :Handler=>"TestsController#show", :Parameters=>{:id=>"1"}, :Response=>"200 [text/html] tests/show.html.erb"}
I, [2019-02-06T23:34:49.367256 #27988]  INFO -- : {:Request=>"GET /tests/1", :Handler=>"TestsController#show", :Parameters=>{:id=>"1"}, :Response=>"200 [text/html] tests/show.html.erb"}
I, [2019-02-06T23:36:09.565829 #671]  INFO -- : {:Request=>"GET /tests/1", :Handler=>"TestsController#show", :Parameters=>{:id=>"1"}, :Response=>"200 [text/html] tests/show.html.erb"}
I, [2019-02-06T23:38:01.025088 #8302]  INFO -- : {:Request=>"GET /tests/1", :Handler=>"TestsController#show", :Parameters=>{:id=>"1"}, :Response=>"200 [text/html] tests/show.html.erb"}
I, [2019-02-06T23:47:10.599601 #4754]  INFO -- : {:Request=>"GET /tests/1", :Handler=>"TestsController#show", :Parameters=>{:id=>"1"}, :Response=>"200 [text/html] tests/show.html.erb"}
I, [2019-02-06T23:47:51.622330 #7356]  INFO -- : {:Request=>"GET /tests/1", :Handler=>"TestsController#show", :Parameters=>{:id=>"1"}, :Response=>"200 [text/html] tests/show.html.erb"}
I, [2019-02-06T23:48:07.550423 #8884]  INFO -- : {:Request=>"GET /tests/1", :Handler=>"TestsController#show", :Parameters=>{:id=>"1"}, :Response=>"200 [text/html] tests/show.html.erb"}
I, [2019-02-06T23:48:18.491639 #8884]  INFO -- : {:Request=>"GET /tests/", :Handler=>"TestsController#index", :Parameters=>{}, :Response=>"201 [text/html] tests/index.html.erb"}
I, [2019-02-06T23:49:24.496198 #15952]  INFO -- : {:Request=>"GET /tests/", :Handler=>"TestsController#index", :Parameters=>{:tests=>"tests"}, :Response=>"201 [text/html] tests/index.html.erb"}
I, [2019-02-06T23:52:01.546896 #24904]  INFO -- : {:Request=>"GET /tests/2", :Handler=>"TestsController#show", :Parameters=>{:tests=>"tests", :id=>"2"}, :Response=>"200 [text/html] tests/show.html.erb"}
I, [2019-02-06T23:52:06.308145 #24904]  INFO -- : {:Request=>"GET /tests/", :Handler=>"TestsController#index", :Parameters=>{:tests=>"tests"}, :Response=>"201 [text/html] tests/index.html.erb"}
I, [2019-02-06T23:52:08.884329 #24904]  INFO -- : {:Request=>"GET /tests/1", :Handler=>"TestsController#show", :Parameters=>{:tests=>"tests", :id=>"1"}, :Response=>"200 [text/html] tests/show.html.erb"}
I, [2019-02-06T23:55:09.094753 #28399]  INFO -- : {:Request=>"GET /tests/1", :Handler=>"TestsController#show", :Parameters=>{:tests=>"tests", :id=>"1"}, :Response=>"200 [text/html] tests/show.html.erb"}
I, [2019-02-06T23:55:11.307066 #28399]  INFO -- : {:Request=>"GET /tests/2", :Handler=>"TestsController#show", :Parameters=>{:tests=>"tests", :id=>"2"}, :Response=>"200 [text/html] tests/show.html.erb"}
I, [2019-02-06T23:55:14.496347 #28399]  INFO -- : {:Request=>"GET /tests/", :Handler=>"TestsController#index", :Parameters=>{:tests=>"tests"}, :Response=>"201 [text/html] tests/index.html.erb"}
I, [2019-02-07T00:17:38.004286 #22554]  INFO -- : {:Request=>"GET /tests/", :Handler=>"TestsController#index", :Parameters=>{:tests=>"tests"}, :Response=>"201 [text/html] tests/index.html.erb"}
I, [2019-02-07T00:17:55.740646 #24064]  INFO -- : {:Request=>"GET /tests/", :Handler=>"TestsController#index", :Parameters=>{:tests=>"tests"}, :Response=>"201 [text/html] tests/list.html.erb"}
I, [2019-02-07T00:19:28.777654 #24064]  INFO -- : {:Request=>"GET /tests/", :Handler=>"TestsController#index", :Parameters=>{:tests=>"tests"}, :Response=>"201 [text/html] tests/list.html.erb"}
I, [2019-02-07T00:23:51.419263 #8148]  INFO -- : {:Request=>"GET /tests/", :Handler=>"TestsController#index", :Parameters=>{:tests=>"tests"}, :Response=>"201 [text/html] "}
I, [2019-02-07T00:24:15.579854 #9664]  INFO -- : {:Request=>"GET /tests/", :Handler=>"TestsController#index", :Parameters=>{:tests=>"tests"}, :Response=>"201 [text/html] "}
I, [2019-02-07T00:24:34.626373 #11953]  INFO -- : {:Request=>"GET /tests/", :Handler=>"TestsController#index", :Parameters=>{:tests=>"tests"}, :Response=>"201 [text/html] "}
I, [2019-02-07T00:24:48.396357 #13464]  INFO -- : {:Request=>"GET /tests/", :Handler=>"TestsController#index", :Parameters=>{:tests=>"tests"}, :Response=>"201 [text/html] tests/list.html.erb"}
I, [2019-02-07T00:24:59.681718 #14719]  INFO -- : {:Request=>"GET /tests/", :Handler=>"TestsController#index", :Parameters=>{:tests=>"tests"}, :Response=>"201 [text/html] tests/index.html.erb"}
